<?xml version="1.0" encoding="UTF-8"?>
<testsuites name="Test Suites" time="183.638" tests="5" failures="0" errors="0">
   <testsuite name="Test Suites" tests="5" failures="0" errors="0" time="183.638" skipped="0" timestamp="2023-04-04 12:32:55" hostname="Administrator - WIN-G83GB7P09GT" id="Test Suites/Test Suites">
      <properties>
         <property name="deviceName" value=""/>
         <property name="devicePlatform" value=""/>
         <property name="logFolder" value="C:\\Users\\Administrator\\git\\SoftwareTesting-exam\\Reports\\20230404_123239\\Test Suites\\20230404_123239"/>
         <property name="logFiles" value="C:\\Users\\Administrator\\git\\SoftwareTesting-exam\\Reports\\20230404_123239\\Test Suites\\20230404_123239\\execution0.log"/>
         <property name="attachments" value=""/>
         <property name="hostName" value="Administrator - WIN-G83GB7P09GT"/>
         <property name="os" value="Windows 10 64bit"/>
         <property name="katalonVersion" value="8.5.5.208"/>
         <property name="browser" value="Chrome 111.0.0.0"/>
         <property name="hostAddress" value="192.168.1.6"/>
         <property name="sessionId" value="9ddfd8764d2c788fb89c7f8be46f0a23"/>
         <property name="seleniumVersion" value="3.141.59"/>
         <property name="proxyInformation" value="ProxyInformation { proxyOption=NO_PROXY, proxyServerType=HTTP, username=, password=********, proxyServerAddress=, proxyServerPort=0, executionList=&quot;&quot;, isApplyToDesiredCapabilities=true }"/>
         <property name="platform" value="Windows 10"/>
      </properties>
      <testcase name="Test Cases/TP001" time="44.825" classname="Test Cases/TP001" status="PASSED">
         <system-out><![CDATA[2023-04-04 12:32:57 - [TEST_CASE][PASSED] - Test Cases/TP001: Test Cases/TP001

2023-04-04 12:33:00 - [TEST_STEP][PASSED] - openBrowser(""): Browser is opened with url: ''

2023-04-04 12:33:02 - [MESSAGE][INFO] - Starting 'Chrome' driver

2023-04-04 12:33:03 - [MESSAGE][INFO] - Action delay is set to 0 milliseconds

2023-04-04 12:33:11 - [MESSAGE][PASSED] - Browser is opened with url: ''

2023-04-04 12:33:11 - [TEST_STEP][PASSED] - navigateToUrl("https://stage.mobipaid.com/en/register"): Navigate to 'https://stage.mobipaid.com/en/register' successfully

2023-04-04 12:33:19 - [MESSAGE][PASSED] - Navigate to 'https://stage.mobipaid.com/en/register' successfully

2023-04-04 12:33:19 - [TEST_STEP][PASSED] - rightClick(findTestObject("Object Repository/Page_Register/input_Login_signatory_first_name")): Object: 'Object Repository/Page_Register/input_Login_signatory_first_name' is right clicked on

2023-04-04 12:33:21 - [MESSAGE][PASSED] - Object: 'Object Repository/Page_Register/input_Login_signatory_first_name' is right clicked on

2023-04-04 12:33:21 - [TEST_STEP][PASSED] - setText(findTestObject("Object Repository/Page_Register/input_Login_signatory_first_name"), "TestKuy"): Text 'TestKuy' is set on object 'Object Repository/Page_Register/input_Login_signatory_first_name'

2023-04-04 12:33:23 - [MESSAGE][PASSED] - Text 'TestKuy' is set on object 'Object Repository/Page_Register/input_Login_signatory_first_name'

2023-04-04 12:33:23 - [TEST_STEP][PASSED] - setText(findTestObject("Object Repository/Page_Register/input_Login_signatory_last_name"), "test"): Text 'test' is set on object 'Object Repository/Page_Register/input_Login_signatory_last_name'

2023-04-04 12:33:26 - [MESSAGE][PASSED] - Text 'test' is set on object 'Object Repository/Page_Register/input_Login_signatory_last_name'

2023-04-04 12:33:26 - [TEST_STEP][PASSED] - setText(findTestObject("Object Repository/Page_Register/input_Login_email"), "syarif.rhehasdsade@gmail.com"): Text 'syarif.rhehasdsade@gmail.com' is set on object 'Object Repository/Page_Register/input_Login_email'

2023-04-04 12:33:28 - [MESSAGE][PASSED] - Text 'syarif.rhehasdsade@gmail.com' is set on object 'Object Repository/Page_Register/input_Login_email'

2023-04-04 12:33:28 - [TEST_STEP][PASSED] - setEncryptedText(findTestObject("Object Repository/Page_Register/input_Login_password"), "4uWnPg2TkKN3RX2pOrURnw=="): Text ****** has been set on object 'Object Repository/Page_Register/input_Login_password'

2023-04-04 12:33:30 - [MESSAGE][PASSED] - Text ****** has been set on object 'Object Repository/Page_Register/input_Login_password'

2023-04-04 12:33:30 - [TEST_STEP][PASSED] - setText(findTestObject("Object Repository/Page_Register/input_Login_name"), "Indonesia"): Text 'Indonesia' is set on object 'Object Repository/Page_Register/input_Login_name'

2023-04-04 12:33:32 - [MESSAGE][PASSED] - Text 'Indonesia' is set on object 'Object Repository/Page_Register/input_Login_name'

2023-04-04 12:33:32 - [TEST_STEP][PASSED] - setText(findTestObject("Object Repository/Page_Register/input_land Islands_form-control btn-log bor_48151b"), "8561233123"): Text '8561233123' is set on object 'Object Repository/Page_Register/input_land Islands_form-control btn-log bor_48151b'

2023-04-04 12:33:34 - [MESSAGE][PASSED] - Text '8561233123' is set on object 'Object Repository/Page_Register/input_land Islands_form-control btn-log bor_48151b'

2023-04-04 12:33:34 - [TEST_STEP][PASSED] - selectOptionByValue(findTestObject("Object Repository/Page_Register/select_Your country                        _da403c"), "8", true): All options with value '8' are selected in object 'Object Repository/Page_Register/select_Your country                        _da403c'  using regular expression

2023-04-04 12:33:37 - [MESSAGE][PASSED] - All options with value '8' are selected in object 'Object Repository/Page_Register/select_Your country                        _da403c'  using regular expression

2023-04-04 12:33:37 - [TEST_STEP][PASSED] - setText(findTestObject("Object Repository/Page_Register/input_land Islands_state"), "Indonesia"): Text 'Indonesia' is set on object 'Object Repository/Page_Register/input_land Islands_state'

2023-04-04 12:33:39 - [MESSAGE][PASSED] - Text 'Indonesia' is set on object 'Object Repository/Page_Register/input_land Islands_state'

2023-04-04 12:33:39 - [TEST_STEP][PASSED] - click(findTestObject("Object Repository/Page_Register/input_By clicking this box, I accept the,an_f76ab8")): Object: 'Object Repository/Page_Register/input_By clicking this box, I accept the,an_f76ab8' is clicked on

2023-04-04 12:33:41 - [MESSAGE][PASSED] - Object: 'Object Repository/Page_Register/input_By clicking this box, I accept the,an_f76ab8' is clicked on

2023-04-04 12:33:41 - [TEST_STEP][PASSED] - click(findTestObject("Object Repository/Page_Register/button_Next Step   please wait")): Object: 'Object Repository/Page_Register/button_Next Step   please wait' is clicked on

2023-04-04 12:33:42 - [MESSAGE][PASSED] - Object: 'Object Repository/Page_Register/button_Next Step   please wait' is clicked on]]></system-out>
         <system-err><![CDATA[]]></system-err>
      </testcase>
      <testcase name="Test Cases/TP002" time="55.342" classname="Test Cases/TP002" status="PASSED">
         <system-out><![CDATA[2023-04-04 12:33:42 - [TEST_CASE][PASSED] - Test Cases/TP002: Test Cases/TP002

2023-04-04 12:33:46 - [TEST_STEP][PASSED] - openBrowser(""): Browser is opened with url: ''

2023-04-04 12:33:46 - [MESSAGE][WARNING] - A browser is already opened. Closing browser and opening a new one

2023-04-04 12:34:09 - [MESSAGE][INFO] - Starting 'Chrome' driver

2023-04-04 12:34:09 - [MESSAGE][INFO] - Action delay is set to 0 milliseconds

2023-04-04 12:34:12 - [MESSAGE][PASSED] - Browser is opened with url: ''

2023-04-04 12:34:12 - [TEST_STEP][PASSED] - navigateToUrl("https://stage.mobipaid.com/en/register"): Navigate to 'https://stage.mobipaid.com/en/register' successfully

2023-04-04 12:34:19 - [MESSAGE][PASSED] - Navigate to 'https://stage.mobipaid.com/en/register' successfully

2023-04-04 12:34:19 - [TEST_STEP][PASSED] - setText(findTestObject("Object Repository/Page_Register/invalid/Page_Register/input_Login_signatory_first_name"), "invalid"): Text 'invalid' is set on object 'Object Repository/Page_Register/invalid/Page_Register/input_Login_signatory_first_name'

2023-04-04 12:34:22 - [MESSAGE][PASSED] - Text 'invalid' is set on object 'Object Repository/Page_Register/invalid/Page_Register/input_Login_signatory_first_name'

2023-04-04 12:34:22 - [TEST_STEP][PASSED] - setText(findTestObject("Object Repository/Page_Register/invalid/Page_Register/input_Login_signatory_last_name"), "inva"): Text 'inva' is set on object 'Object Repository/Page_Register/invalid/Page_Register/input_Login_signatory_last_name'

2023-04-04 12:34:24 - [MESSAGE][PASSED] - Text 'inva' is set on object 'Object Repository/Page_Register/invalid/Page_Register/input_Login_signatory_last_name'

2023-04-04 12:34:24 - [TEST_STEP][PASSED] - setText(findTestObject("Object Repository/Page_Register/invalid/Page_Register/input_Login_email"), "invalid@123"): Text 'invalid@123' is set on object 'Object Repository/Page_Register/invalid/Page_Register/input_Login_email'

2023-04-04 12:34:25 - [MESSAGE][PASSED] - Text 'invalid@123' is set on object 'Object Repository/Page_Register/invalid/Page_Register/input_Login_email'

2023-04-04 12:34:25 - [TEST_STEP][PASSED] - setEncryptedText(findTestObject("Object Repository/Page_Register/invalid/Page_Register/input_Login_password"), "Y6/0vRihn/Pi4P6obh+B0g=="): Text ****** has been set on object 'Object Repository/Page_Register/invalid/Page_Register/input_Login_password'

2023-04-04 12:34:27 - [MESSAGE][PASSED] - Text ****** has been set on object 'Object Repository/Page_Register/invalid/Page_Register/input_Login_password'

2023-04-04 12:34:27 - [TEST_STEP][PASSED] - setText(findTestObject("Object Repository/Page_Register/invalid/Page_Register/input_Login_name"), "infonesia"): Text 'infonesia' is set on object 'Object Repository/Page_Register/invalid/Page_Register/input_Login_name'

2023-04-04 12:34:29 - [MESSAGE][PASSED] - Text 'infonesia' is set on object 'Object Repository/Page_Register/invalid/Page_Register/input_Login_name'

2023-04-04 12:34:29 - [TEST_STEP][PASSED] - setText(findTestObject("Object Repository/Page_Register/invalid/Page_Register/input_land Islands_form-control btn-log bor_48151b"), "8651263"): Text '8651263' is set on object 'Object Repository/Page_Register/invalid/Page_Register/input_land Islands_form-control btn-log bor_48151b'

2023-04-04 12:34:30 - [MESSAGE][PASSED] - Text '8651263' is set on object 'Object Repository/Page_Register/invalid/Page_Register/input_land Islands_form-control btn-log bor_48151b'

2023-04-04 12:34:30 - [TEST_STEP][PASSED] - selectOptionByValue(findTestObject("Object Repository/Page_Register/invalid/Page_Register/select_Your country                        _da403c"), "9", true): All options with value '9' are selected in object 'Object Repository/Page_Register/invalid/Page_Register/select_Your country                        _da403c'  using regular expression

2023-04-04 12:34:34 - [MESSAGE][PASSED] - All options with value '9' are selected in object 'Object Repository/Page_Register/invalid/Page_Register/select_Your country                        _da403c'  using regular expression

2023-04-04 12:34:34 - [TEST_STEP][PASSED] - click(findTestObject("Object Repository/Page_Register/invalid/Page_Register/input_By clicking this box, I accept the,an_f76ab8")): Object: 'Object Repository/Page_Register/invalid/Page_Register/input_By clicking this box, I accept the,an_f76ab8' is clicked on

2023-04-04 12:34:35 - [MESSAGE][PASSED] - Object: 'Object Repository/Page_Register/invalid/Page_Register/input_By clicking this box, I accept the,an_f76ab8' is clicked on

2023-04-04 12:34:35 - [TEST_STEP][PASSED] - click(findTestObject("Object Repository/Page_Register/invalid/Page_Register/button_Next Step   please wait")): Object: 'Object Repository/Page_Register/invalid/Page_Register/button_Next Step   please wait' is clicked on

2023-04-04 12:34:36 - [MESSAGE][PASSED] - Object: 'Object Repository/Page_Register/invalid/Page_Register/button_Next Step   please wait' is clicked on

2023-04-04 12:34:36 - [TEST_STEP][PASSED] - verifyTextPresent("CREATE A MOBIPAID ACCOUNT", true): Text 'CREATE A MOBIPAID ACCOUNT' is present on page  using regular expression

2023-04-04 12:34:37 - [MESSAGE][PASSED] - Text 'CREATE A MOBIPAID ACCOUNT' is present on page  using regular expression]]></system-out>
         <system-err><![CDATA[]]></system-err>
      </testcase>
      <testcase name="Test Cases/TP003" time="26.282" classname="Test Cases/TP003" status="PASSED">
         <system-out><![CDATA[2023-04-04 12:34:37 - [TEST_CASE][PASSED] - Test Cases/TP003: Test Cases/TP003

2023-04-04 12:34:39 - [TEST_STEP][PASSED] - openBrowser(""): Browser is opened with url: ''

2023-04-04 12:34:40 - [MESSAGE][WARNING] - A browser is already opened. Closing browser and opening a new one

2023-04-04 12:34:45 - [MESSAGE][INFO] - Starting 'Chrome' driver

2023-04-04 12:34:45 - [MESSAGE][INFO] - Action delay is set to 0 milliseconds

2023-04-04 12:34:49 - [MESSAGE][PASSED] - Browser is opened with url: ''

2023-04-04 12:34:49 - [TEST_STEP][PASSED] - navigateToUrl("https://stage.mobipaid.com/en/register"): Navigate to 'https://stage.mobipaid.com/en/register' successfully

2023-04-04 12:34:57 - [MESSAGE][PASSED] - Navigate to 'https://stage.mobipaid.com/en/register' successfully

2023-04-04 12:34:57 - [TEST_STEP][PASSED] - click(findTestObject("Object Repository/blank data/Page_Register/input_Login_signatory_first_name")): Object: 'Object Repository/blank data/Page_Register/input_Login_signatory_first_name' is clicked on

2023-04-04 12:34:58 - [MESSAGE][PASSED] - Object: 'Object Repository/blank data/Page_Register/input_Login_signatory_first_name' is clicked on

2023-04-04 12:34:58 - [TEST_STEP][PASSED] - click(findTestObject("Object Repository/blank data/Page_Register/input_Login_name")): Object: 'Object Repository/blank data/Page_Register/input_Login_name' is clicked on

2023-04-04 12:34:59 - [MESSAGE][PASSED] - Object: 'Object Repository/blank data/Page_Register/input_Login_name' is clicked on

2023-04-04 12:34:59 - [TEST_STEP][PASSED] - click(findTestObject("Object Repository/blank data/Page_Register/div_By clicking this box, I accept the Paym_747b98")): Object: 'Object Repository/blank data/Page_Register/div_By clicking this box, I accept the Paym_747b98' is clicked on

2023-04-04 12:35:01 - [MESSAGE][PASSED] - Object: 'Object Repository/blank data/Page_Register/div_By clicking this box, I accept the Paym_747b98' is clicked on

2023-04-04 12:35:01 - [TEST_STEP][PASSED] - click(findTestObject("Object Repository/blank data/Page_Register/button_Next Step   please wait")): Object: 'Object Repository/blank data/Page_Register/button_Next Step   please wait' is clicked on

2023-04-04 12:35:02 - [MESSAGE][PASSED] - Object: 'Object Repository/blank data/Page_Register/button_Next Step   please wait' is clicked on

2023-04-04 12:35:02 - [TEST_STEP][PASSED] - verifyTextPresent("CREATE A MOBIPAID ACCOUNT", true): Text 'CREATE A MOBIPAID ACCOUNT' is present on page  using regular expression

2023-04-04 12:35:04 - [MESSAGE][PASSED] - Text 'CREATE A MOBIPAID ACCOUNT' is present on page  using regular expression]]></system-out>
         <system-err><![CDATA[]]></system-err>
      </testcase>
      <testcase name="Test Cases/TP004" time="21.082" classname="Test Cases/TP004" status="PASSED">
         <system-out><![CDATA[2023-04-04 12:35:04 - [TEST_CASE][PASSED] - Test Cases/TP004: Test Cases/TP004

2023-04-04 12:35:07 - [TEST_STEP][PASSED] - openBrowser(""): Browser is opened with url: ''

2023-04-04 12:35:07 - [MESSAGE][WARNING] - A browser is already opened. Closing browser and opening a new one

2023-04-04 12:35:11 - [MESSAGE][INFO] - Starting 'Chrome' driver

2023-04-04 12:35:11 - [MESSAGE][INFO] - Action delay is set to 0 milliseconds

2023-04-04 12:35:15 - [MESSAGE][PASSED] - Browser is opened with url: ''

2023-04-04 12:35:15 - [TEST_STEP][PASSED] - navigateToUrl("https://stage.mobipaid.com/en/login"): Navigate to 'https://stage.mobipaid.com/en/login' successfully

2023-04-04 12:35:22 - [MESSAGE][PASSED] - Navigate to 'https://stage.mobipaid.com/en/login' successfully

2023-04-04 12:35:22 - [TEST_STEP][PASSED] - verifyTextPresent("MERCHANT LOGIN", true): Text 'MERCHANT LOGIN' is present on page  using regular expression

2023-04-04 12:35:22 - [MESSAGE][PASSED] - Text 'MERCHANT LOGIN' is present on page  using regular expression

2023-04-04 12:35:22 - [TEST_STEP][PASSED] - closeBrowser(): Browser is closed

2023-04-04 12:35:25 - [MESSAGE][PASSED] - Browser is closed]]></system-out>
         <system-err><![CDATA[]]></system-err>
      </testcase>
      <testcase name="Test Cases/TP005" time="34.056" classname="Test Cases/TP005" status="PASSED">
         <system-out><![CDATA[2023-04-04 12:35:25 - [TEST_CASE][PASSED] - Test Cases/TP005: Test Cases/TP005

2023-04-04 12:35:27 - [TEST_STEP][PASSED] - openBrowser(""): Browser is opened with url: ''

2023-04-04 12:35:27 - [MESSAGE][INFO] - Starting 'Chrome' driver

2023-04-04 12:35:27 - [MESSAGE][INFO] - Action delay is set to 0 milliseconds

2023-04-04 12:35:31 - [MESSAGE][PASSED] - Browser is opened with url: ''

2023-04-04 12:35:31 - [TEST_STEP][PASSED] - navigateToUrl("https://stage.mobipaid.com/en/register"): Navigate to 'https://stage.mobipaid.com/en/register' successfully

2023-04-04 12:35:38 - [MESSAGE][PASSED] - Navigate to 'https://stage.mobipaid.com/en/register' successfully

2023-04-04 12:35:38 - [TEST_STEP][PASSED] - rightClick(findTestObject("Object Repository/Page_Register/input_Login_signatory_first_name")): Object: 'Object Repository/Page_Register/input_Login_signatory_first_name' is right clicked on

2023-04-04 12:35:39 - [MESSAGE][PASSED] - Object: 'Object Repository/Page_Register/input_Login_signatory_first_name' is right clicked on

2023-04-04 12:35:39 - [TEST_STEP][PASSED] - setText(findTestObject("Object Repository/Page_Register/input_Login_signatory_first_name"), "TestKuy"): Text 'TestKuy' is set on object 'Object Repository/Page_Register/input_Login_signatory_first_name'

2023-04-04 12:35:41 - [MESSAGE][PASSED] - Text 'TestKuy' is set on object 'Object Repository/Page_Register/input_Login_signatory_first_name'

2023-04-04 12:35:41 - [TEST_STEP][PASSED] - setText(findTestObject("Object Repository/Page_Register/input_Login_signatory_last_name"), "test"): Text 'test' is set on object 'Object Repository/Page_Register/input_Login_signatory_last_name'

2023-04-04 12:35:44 - [MESSAGE][PASSED] - Text 'test' is set on object 'Object Repository/Page_Register/input_Login_signatory_last_name'

2023-04-04 12:35:44 - [TEST_STEP][PASSED] - setText(findTestObject("Object Repository/Page_Register/input_Login_email"), "syarif.rhehasdsade@gmail.com"): Text 'syarif.rhehasdsade@gmail.com' is set on object 'Object Repository/Page_Register/input_Login_email'

2023-04-04 12:35:46 - [MESSAGE][PASSED] - Text 'syarif.rhehasdsade@gmail.com' is set on object 'Object Repository/Page_Register/input_Login_email'

2023-04-04 12:35:46 - [TEST_STEP][PASSED] - setEncryptedText(findTestObject("Object Repository/Page_Register/input_Login_password"), "4uWnPg2TkKN3RX2pOrURnw=="): Text ****** has been set on object 'Object Repository/Page_Register/input_Login_password'

2023-04-04 12:35:47 - [MESSAGE][PASSED] - Text ****** has been set on object 'Object Repository/Page_Register/input_Login_password'

2023-04-04 12:35:47 - [TEST_STEP][PASSED] - setText(findTestObject("Object Repository/Page_Register/input_Login_name"), "Indonesia"): Text 'Indonesia' is set on object 'Object Repository/Page_Register/input_Login_name'

2023-04-04 12:35:49 - [MESSAGE][PASSED] - Text 'Indonesia' is set on object 'Object Repository/Page_Register/input_Login_name'

2023-04-04 12:35:49 - [TEST_STEP][PASSED] - setText(findTestObject("Object Repository/Page_Register/input_land Islands_form-control btn-log bor_48151b"), "8561233123"): Text '8561233123' is set on object 'Object Repository/Page_Register/input_land Islands_form-control btn-log bor_48151b'

2023-04-04 12:35:51 - [MESSAGE][PASSED] - Text '8561233123' is set on object 'Object Repository/Page_Register/input_land Islands_form-control btn-log bor_48151b'

2023-04-04 12:35:51 - [TEST_STEP][PASSED] - selectOptionByValue(findTestObject("Object Repository/Page_Register/select_Your country                        _da403c"), "8", true): All options with value '8' are selected in object 'Object Repository/Page_Register/select_Your country                        _da403c'  using regular expression

2023-04-04 12:35:54 - [MESSAGE][PASSED] - All options with value '8' are selected in object 'Object Repository/Page_Register/select_Your country                        _da403c'  using regular expression

2023-04-04 12:35:54 - [TEST_STEP][PASSED] - setText(findTestObject("Object Repository/Page_Register/input_land Islands_state"), "Indonesia"): Text 'Indonesia' is set on object 'Object Repository/Page_Register/input_land Islands_state'

2023-04-04 12:35:56 - [MESSAGE][PASSED] - Text 'Indonesia' is set on object 'Object Repository/Page_Register/input_land Islands_state'

2023-04-04 12:35:56 - [TEST_STEP][PASSED] - verifyTextPresent("CREATE A MOBIPAID ACCOUNT", true): Text 'CREATE A MOBIPAID ACCOUNT' is present on page  using regular expression

2023-04-04 12:35:58 - [MESSAGE][PASSED] - Text 'CREATE A MOBIPAID ACCOUNT' is present on page  using regular expression

2023-04-04 12:35:58 - [TEST_STEP][PASSED] - click(findTestObject("Object Repository/Page_Register/button_Next Step   please wait")): Object: 'Object Repository/Page_Register/button_Next Step   please wait' is clicked on

2023-04-04 12:35:59 - [MESSAGE][PASSED] - Object: 'Object Repository/Page_Register/button_Next Step   please wait' is clicked on]]></system-out>
         <system-err><![CDATA[]]></system-err>
      </testcase>
      <system-out><![CDATA[2023-04-04 12:32:55 - [TEST_SUITE][PASSED] - Test Suites: Test Cases/TP005]]></system-out>
      <system-err><![CDATA[]]></system-err>
   </testsuite>
</testsuites>
